(node:1405) Warning: Accessing non-existent property 'padLevels' of module exports inside circular dependency
(Use `node --trace-warnings ...` to show where the warning was created)
2024-07-27 02:49:10 执行sql 
			SELECT
				*
			FROM
				wechat_menu
			
2024-07-27 02:49:11 ------开始定时任务执行---------
2024-07-27 02:49:11 执行sql 
			SELECT pu.id AS power_id, pu.balance, pu.kwh_sum, pu.update_date, pd.date AS day_date, pd.kwh AS day_kwh, pd.amount AS day_amount, pr.datetime AS recharge_datetime, pr.amount AS amount
			FROM power_user pu
			LEFT JOIN (
				SELECT t1.power_id,t1.date, t1.kwh, t1.amount
				FROM power_day t1
				INNER JOIN (SELECT power_id,MAX(date) AS max_date FROM power_day GROUP BY power_id) AS t2 ON t1.power_id = t2.power_id AND t1.date = t2.max_date
			) pd ON pu.id = pd.power_id
			LEFT JOIN (
				SELECT t1.power_id, t1.datetime, t1.amount 
				FROM power_recharge t1 
				INNER JOIN (SELECT power_id, MAX(datetime) AS max_datetime FROM power_recharge GROUP BY power_id) AS t2 ON t1.power_id = t2.power_id AND t1.datetime = t2.max_datetime
			) pr ON pr.power_id = pu.id
			
		
Fri, 26 Jul 2024 18:49:11 GMT body-parser deprecated undefined extended: provide extended option at file:/root/powerSearch/behind/base.mjs:11:22
2024-07-27 02:49:11 启动服务，端口是 16853
2024-07-27 02:49:11 50B0723 电费信息已经是最新了！
2024-07-27 02:49:11 6010738 电费信息已经是最新了！
2024-07-27 02:49:11 6010921 电费信息已经是最新了！
2024-07-27 02:49:11 6011025 电费信息已经是最新了！
2024-07-27 02:49:11 ------结束定时任务执行---------
2024-07-27 02:52:27 接收到POST请求
2024-07-27 02:52:27 http://weixin.xiayukun.asia:444/?signature=c9ad20fe5ac5c88acfb981f83e70bca383425c43&timestamp=1722019946&nonce=958364842&openid=oTYqx6Q2Y-HHiph03Y-4cXinC3FI
2024-07-27 02:52:27 Query:{"signature":"c9ad20fe5ac5c88acfb981f83e70bca383425c43","timestamp":"1722019946","nonce":"958364842","openid":"oTYqx6Q2Y-HHiph03Y-4cXinC3FI"}
2024-07-27 02:52:27 Body:{"xml":{"tousername":["gh_df4e42db796c"],"fromusername":["oTYqx6Q2Y-HHiph03Y-4cXinC3FI"],"createtime":["1722019946"],"msgtype":["text"],"content":["0"],"msgid":["24653396106613068"]}}
2024-07-27 02:52:27 来文字消息了：0
2024-07-27 02:52:27 执行sql 
				INSERT INTO wechat_event (
					wechat_id,
					event_id,
					datetime,
					msgid,
					content
				)
				VALUES
					(
						'oTYqx6Q2Y-HHiph03Y-4cXinC3FI',
						'text',
						'2024-07-27 02:52:27',
						'24653396106613068',
						'0'
					)
		
2024-07-27 02:52:27 向oTYqx6Q2Y-HHiph03Y-4cXinC3FI发送信息：
 请输入以下回复：
1:查询电费余额
2:查询每日账单
3:查询充值记录
4:快速充值(免密)
5:修改短信通知手机号
6:更多(短信、账户)
7:绑定电费账户
8:刷新余额和充值记录

2024-07-27 02:52:27 执行sql 
			INSERT INTO wechat_send_history (
				wechat_id,
				type,
				datetime,
				content
			)
			VALUES
				(
					'oTYqx6Q2Y-HHiph03Y-4cXinC3FI',
					'menu',
					'2024-07-27 02:52:27',
					'请输入以下回复：
1:查询电费余额
2:查询每日账单
3:查询充值记录
4:快速充值(免密)
5:修改短信通知手机号
6:更多(短信、账户)
7:绑定电费账户
8:刷新余额和充值记录
'
				)
			
2024-07-27 02:52:31 接收到POST请求
2024-07-27 02:52:31 http://weixin.xiayukun.asia:444/?signature=2f306aef473ef9d0cb9e15bfb9f288a324f0dcc0&timestamp=1722019950&nonce=1305318565&openid=oTYqx6Q2Y-HHiph03Y-4cXinC3FI
2024-07-27 02:52:31 Query:{"signature":"2f306aef473ef9d0cb9e15bfb9f288a324f0dcc0","timestamp":"1722019950","nonce":"1305318565","openid":"oTYqx6Q2Y-HHiph03Y-4cXinC3FI"}
2024-07-27 02:52:31 Body:{"xml":{"tousername":["gh_df4e42db796c"],"fromusername":["oTYqx6Q2Y-HHiph03Y-4cXinC3FI"],"createtime":["1722019950"],"msgtype":["text"],"content":["5"],"msgid":["24653399538260079"]}}
2024-07-27 02:52:31 来文字消息了：5
2024-07-27 02:52:31 执行sql 
				INSERT INTO wechat_event (
					wechat_id,
					event_id,
					datetime,
					msgid,
					content
				)
				VALUES
					(
						'oTYqx6Q2Y-HHiph03Y-4cXinC3FI',
						'text',
						'2024-07-27 02:52:31',
						'24653399538260079',
						'5'
					)
		
2024-07-27 02:52:31 执行sql 
			SELECT
				*
			FROM
				wechat_user
			WHERE
				id = 'oTYqx6Q2Y-HHiph03Y-4cXinC3FI'
			
2024-07-27 02:52:31 向oTYqx6Q2Y-HHiph03Y-4cXinC3FI发送信息：
 您当前绑定的手机号是15939033548

请输入以下回复(5分钟有效)：
>>>>请直接在输入框中输入您想修改的手机号<<<<

----------------------
输入0返回主菜单
2024-07-27 02:52:31 执行sql 
			INSERT INTO wechat_send_history (
				wechat_id,
				type,
				datetime,
				content
			)
			VALUES
				(
					'oTYqx6Q2Y-HHiph03Y-4cXinC3FI',
					'menu',
					'2024-07-27 02:52:31',
					'您当前绑定的手机号是15939033548

请输入以下回复(5分钟有效)：
>>>>请直接在输入框中输入您想修改的手机号<<<<

----------------------
输入0返回主菜单'
				)
			
2024-07-27 02:52:35 接收到POST请求
2024-07-27 02:52:35 http://weixin.xiayukun.asia:444/?signature=14ac079017af90386334579402f5f77fbf720ef0&timestamp=1722019954&nonce=1970677071&openid=oTYqx6Q2Y-HHiph03Y-4cXinC3FI
2024-07-27 02:52:35 Query:{"signature":"14ac079017af90386334579402f5f77fbf720ef0","timestamp":"1722019954","nonce":"1970677071","openid":"oTYqx6Q2Y-HHiph03Y-4cXinC3FI"}
2024-07-27 02:52:35 Body:{"xml":{"tousername":["gh_df4e42db796c"],"fromusername":["oTYqx6Q2Y-HHiph03Y-4cXinC3FI"],"createtime":["1722019954"],"msgtype":["text"],"content":["0"],"msgid":["24653397080550543"]}}
2024-07-27 02:52:35 来文字消息了：0
2024-07-27 02:52:35 执行sql 
				INSERT INTO wechat_event (
					wechat_id,
					event_id,
					datetime,
					msgid,
					content
				)
				VALUES
					(
						'oTYqx6Q2Y-HHiph03Y-4cXinC3FI',
						'text',
						'2024-07-27 02:52:35',
						'24653397080550543',
						'0'
					)
		
2024-07-27 02:52:35 向oTYqx6Q2Y-HHiph03Y-4cXinC3FI发送信息：
 请输入以下回复：
1:查询电费余额
2:查询每日账单
3:查询充值记录
4:快速充值(免密)
5:修改短信通知手机号
6:更多(短信、账户)
7:绑定电费账户
8:刷新余额和充值记录

2024-07-27 02:52:35 执行sql 
			INSERT INTO wechat_send_history (
				wechat_id,
				type,
				datetime,
				content
			)
			VALUES
				(
					'oTYqx6Q2Y-HHiph03Y-4cXinC3FI',
					'menu',
					'2024-07-27 02:52:35',
					'请输入以下回复：
1:查询电费余额
2:查询每日账单
3:查询充值记录
4:快速充值(免密)
5:修改短信通知手机号
6:更多(短信、账户)
7:绑定电费账户
8:刷新余额和充值记录
'
				)
			
2024-07-27 02:52:37 接收到POST请求
2024-07-27 02:52:37 http://weixin.xiayukun.asia:444/?signature=be310ad428d988f6177f7ae4ea014b4be7ccbeeb&timestamp=1722019956&nonce=87887520&openid=oTYqx6Q2Y-HHiph03Y-4cXinC3FI
2024-07-27 02:52:37 Query:{"signature":"be310ad428d988f6177f7ae4ea014b4be7ccbeeb","timestamp":"1722019956","nonce":"87887520","openid":"oTYqx6Q2Y-HHiph03Y-4cXinC3FI"}
2024-07-27 02:52:37 Body:{"xml":{"tousername":["gh_df4e42db796c"],"fromusername":["oTYqx6Q2Y-HHiph03Y-4cXinC3FI"],"createtime":["1722019956"],"msgtype":["text"],"content":["4"],"msgid":["24653398771135861"]}}
2024-07-27 02:52:37 来文字消息了：4
2024-07-27 02:52:37 执行sql 
				INSERT INTO wechat_event (
					wechat_id,
					event_id,
					datetime,
					msgid,
					content
				)
				VALUES
					(
						'oTYqx6Q2Y-HHiph03Y-4cXinC3FI',
						'text',
						'2024-07-27 02:52:37',
						'24653398771135861',
						'4'
					)
		
2024-07-27 02:52:37 执行sql 
			SELECT
				power_user.id AS power_id,
				balance,
				kwh_sum,
				update_date,
				remark
			FROM
				power_user
			INNER JOIN mapping_wechat_power ON power_user.id = mapping_wechat_power.power_id
			INNER JOIN wechat_user ON wechat_user.id = mapping_wechat_power.wechat_id
			WHERE
				wechat_user.id = 'oTYqx6Q2Y-HHiph03Y-4cXinC3FI'
		
2024-07-27 02:52:37 向oTYqx6Q2Y-HHiph03Y-4cXinC3FI发送信息：
 未避免您的账户地址被滥用，已对链接进行加密，并进行登入时间限制。请点击以下链接进行跳转,5分钟内有效：
https://mp.xiayukun.asia/recharge/437292db-82db-4a3a-89ca-b227f35c1fed

----------------------
输入主菜单码或输入0返回主菜单
2024-07-27 02:52:37 执行sql 
			INSERT INTO wechat_send_history (
				wechat_id,
				type,
				datetime,
				content
			)
			VALUES
				(
					'oTYqx6Q2Y-HHiph03Y-4cXinC3FI',
					'end',
					'2024-07-27 02:52:37',
					'未避免您的账户地址被滥用，已对链接进行加密，并进行登入时间限制。请点击以下链接进行跳转,5分钟内有效：
https://mp.xiayukun.asia/recharge/437292db-82db-4a3a-89ca-b227f35c1fed

----------------------
输入主菜单码或输入0返回主菜单'
				)
			
2024-07-27 02:52:44 接收到GET请求
2024-07-27 02:52:44 http://weixin.xiayukun.asia:444/recharge/437292db-82db-4a3a-89ca-b227f35c1fed
2024-07-27 02:52:44 Query:{}
2024-07-27 02:52:44 Body:{}
2024-07-27 07:09:59 ------开始定时任务执行---------
2024-07-27 07:09:59 执行sql 
			SELECT pu.id AS power_id, pu.balance, pu.kwh_sum, pu.update_date, pd.date AS day_date, pd.kwh AS day_kwh, pd.amount AS day_amount, pr.datetime AS recharge_datetime, pr.amount AS amount
			FROM power_user pu
			LEFT JOIN (
				SELECT t1.power_id,t1.date, t1.kwh, t1.amount
				FROM power_day t1
				INNER JOIN (SELECT power_id,MAX(date) AS max_date FROM power_day GROUP BY power_id) AS t2 ON t1.power_id = t2.power_id AND t1.date = t2.max_date
			) pd ON pu.id = pd.power_id
			LEFT JOIN (
				SELECT t1.power_id, t1.datetime, t1.amount 
				FROM power_recharge t1 
				INNER JOIN (SELECT power_id, MAX(datetime) AS max_datetime FROM power_recharge GROUP BY power_id) AS t2 ON t1.power_id = t2.power_id AND t1.datetime = t2.max_datetime
			) pr ON pr.power_id = pu.id
			
		
2024-07-27 07:09:59 ###开始记录电费数据： 50B0723
2024-07-27 07:09:59 执行sql 
			UPDATE power_user
			SET balance = 123.525,
			kwh_sum = 2121.85,
			update_date = '2024-07-27'
			WHERE
				id = '50B0723'
			
2024-07-27 07:09:59 执行sql 
			INSERT INTO power_day (power_id, date, kwh, amount)
			VALUES
				('50B0723', '2024-07-26', 0, 0)
	
2024-07-27 07:09:59 ###结束记录电费数据： 50B0723
2024-07-27 07:10:02 ###开始记录电费数据： 6010738
2024-07-27 07:10:03 执行sql 
			UPDATE power_user
			SET balance = 189.065,
			kwh_sum = 1751.25,
			update_date = '2024-07-27'
			WHERE
				id = '6010738'
			
2024-07-27 07:10:03 执行sql 
			INSERT INTO power_day (power_id, date, kwh, amount)
			VALUES
				('6010738', '2024-07-26', 1.58, 1.19)
	
2024-07-27 07:10:03 ###结束记录电费数据： 6010738
2024-07-27 07:10:06 ###开始记录电费数据： 6010921
2024-07-27 07:10:06 执行sql 
			UPDATE power_user
			SET balance = 50.2225,
			kwh_sum = 2749.39,
			update_date = '2024-07-27'
			WHERE
				id = '6010921'
			
2024-07-27 07:10:06 执行sql 
			INSERT INTO power_day (power_id, date, kwh, amount)
			VALUES
				('6010921', '2024-07-26', 11.35, 8.51)
	
2024-07-27 07:10:06 ###结束记录电费数据： 6010921
2024-07-27 07:10:09 ###开始记录电费数据： 6011025
2024-07-27 07:10:09 执行sql 
			UPDATE power_user
			SET balance = 108.7725,
			kwh_sum = 2537.11,
			update_date = '2024-07-27'
			WHERE
				id = '6011025'
			
2024-07-27 07:10:09 执行sql 
			INSERT INTO power_day (power_id, date, kwh, amount)
			VALUES
				('6011025', '2024-07-26', 10.83, 8.12)
	
2024-07-27 07:10:09 ###结束记录电费数据： 6011025
2024-07-27 07:10:12 ------结束定时任务执行---------
2024-07-27 11:59:59 ------开始定时发短信---------
2024-07-27 11:59:59 执行sql 
			select mwp.wechat_id, mwp.power_id, recharge_datetime, sms_count, SMS, phone, remark, balance, lowSMS as low_SMS from mapping_wechat_power mwp
			INNER JOIN wechat_user wu on mwp.wechat_id=wu.id
			INNER JOIN power_user pu on mwp.power_id = pu.id
			LEFT JOIN(
				SELECT power_id,MAX(datetime) as recharge_datetime
				FROM power_recharge 
				GROUP BY power_id
			) pr on pr.power_id=mwp.power_id
			LEFT JOIN(
				select wechat_id,power_id,MAX(datetime) as sms_datetime from wechat_sms group by wechat_id,power_id
			) smsd on smsd.power_id=mwp.power_id and smsd.wechat_id=mwp.wechat_id
			LEFT JOIN(
				select wechat_id,count(1) as sms_count from wechat_sms where YEAR (datetime) = YEAR (CURDATE()) AND MONTH (datetime) = MONTH (CURDATE()) group by wechat_id
			) smsc on  smsc.wechat_id=mwp.wechat_id
			where openSMS=1 and LENGTH(phone)=11 and lowSMS>balance and (sms_count is null or sms_count<SMS) and (sms_datetime is null or recharge_datetime> sms_datetime)
		
2024-07-27 11:59:59 +++++++++ []
2024-07-27 11:59:59 ------结束发短信---------
2024-07-27 12:00:00 ------开始定时发短信---------
2024-07-27 12:00:00 执行sql 
			select mwp.wechat_id, mwp.power_id, recharge_datetime, sms_count, SMS, phone, remark, balance, lowSMS as low_SMS from mapping_wechat_power mwp
			INNER JOIN wechat_user wu on mwp.wechat_id=wu.id
			INNER JOIN power_user pu on mwp.power_id = pu.id
			LEFT JOIN(
				SELECT power_id,MAX(datetime) as recharge_datetime
				FROM power_recharge 
				GROUP BY power_id
			) pr on pr.power_id=mwp.power_id
			LEFT JOIN(
				select wechat_id,power_id,MAX(datetime) as sms_datetime from wechat_sms group by wechat_id,power_id
			) smsd on smsd.power_id=mwp.power_id and smsd.wechat_id=mwp.wechat_id
			LEFT JOIN(
				select wechat_id,count(1) as sms_count from wechat_sms where YEAR (datetime) = YEAR (CURDATE()) AND MONTH (datetime) = MONTH (CURDATE()) group by wechat_id
			) smsc on  smsc.wechat_id=mwp.wechat_id
			where openSMS=1 and LENGTH(phone)=11 and lowSMS>balance and (sms_count is null or sms_count<SMS) and (sms_datetime is null or recharge_datetime> sms_datetime)
		
2024-07-27 12:00:00 +++++++++ []
2024-07-27 12:00:00 ------结束发短信---------
2024-07-27 12:40:34 接收到POST请求
2024-07-27 12:40:34 http://weixin.xiayukun.asia:444/?signature=3f90e659900d704721bf26a70f5bd95753f19729&timestamp=1722055233&nonce=1256367018&openid=oTYqx6Q2Y-HHiph03Y-4cXinC3FI
2024-07-27 12:40:34 Query:{"signature":"3f90e659900d704721bf26a70f5bd95753f19729","timestamp":"1722055233","nonce":"1256367018","openid":"oTYqx6Q2Y-HHiph03Y-4cXinC3FI"}
2024-07-27 12:40:34 Body:{"xml":{"tousername":["gh_df4e42db796c"],"fromusername":["oTYqx6Q2Y-HHiph03Y-4cXinC3FI"],"createtime":["1722055232"],"msgtype":["text"],"content":["2"],"msgid":["24653905587756438"]}}
2024-07-27 12:40:34 来文字消息了：2
2024-07-27 12:40:34 执行sql 
				INSERT INTO wechat_event (
					wechat_id,
					event_id,
					datetime,
					msgid,
					content
				)
				VALUES
					(
						'oTYqx6Q2Y-HHiph03Y-4cXinC3FI',
						'text',
						'2024-07-27 12:40:34',
						'24653905587756438',
						'2'
					)
		
2024-07-27 12:40:34 执行sql 
			SELECT
				power_user.id AS power_id,
				balance,
				kwh_sum,
				update_date,
				remark
			FROM
				power_user
			INNER JOIN mapping_wechat_power ON power_user.id = mapping_wechat_power.power_id
			INNER JOIN wechat_user ON wechat_user.id = mapping_wechat_power.wechat_id
			WHERE
				wechat_user.id = 'oTYqx6Q2Y-HHiph03Y-4cXinC3FI'
		
2024-07-27 12:40:34 执行sql 
			SELECT
				date,
				kwh,
				amount
			FROM
				power_day
			WHERE
				power_id = '6010921'
			ORDER BY
				date DESC
			LIMIT 30
		
2024-07-27 12:40:34 向oTYqx6Q2Y-HHiph03Y-4cXinC3FI发送信息：
 天数：7天
电量：102.68度
电费：77.02元
----------------------
日期        电量        金额
07-26       11.35        8.51
07-25       9.54        7.16
07-24       11.48        8.61
07-23       10.01        7.51
07-22       17.09        12.82
07-21       22.27        16.7
07-20       20.94        15.71

----------------------
输入主菜单码或输入0返回主菜单
2024-07-27 12:40:34 执行sql 
			INSERT INTO wechat_send_history (
				wechat_id,
				type,
				datetime,
				content
			)
			VALUES
				(
					'oTYqx6Q2Y-HHiph03Y-4cXinC3FI',
					'end',
					'2024-07-27 12:40:34',
					'天数：7天
电量：102.68度
电费：77.02元
----------------------
日期        电量        金额
07-26       11.35        8.51
07-25       9.54        7.16
07-24       11.48        8.61
07-23       10.01        7.51
07-22       17.09        12.82
07-21       22.27        16.7
07-20       20.94        15.71

----------------------
输入主菜单码或输入0返回主菜单'
				)
			
2024-07-27 12:40:43 接收到POST请求
2024-07-27 12:40:43 http://weixin.xiayukun.asia:444/?signature=0bc50848a9bc953b85c588c6c7de237640b4d012&timestamp=1722055242&nonce=1265671910&openid=oTYqx6Q2Y-HHiph03Y-4cXinC3FI
2024-07-27 12:40:43 Query:{"signature":"0bc50848a9bc953b85c588c6c7de237640b4d012","timestamp":"1722055242","nonce":"1265671910","openid":"oTYqx6Q2Y-HHiph03Y-4cXinC3FI"}
2024-07-27 12:40:43 Body:{"xml":{"tousername":["gh_df4e42db796c"],"fromusername":["oTYqx6Q2Y-HHiph03Y-4cXinC3FI"],"createtime":["1722055242"],"msgtype":["text"],"content":["1"],"msgid":["24653906045378110"]}}
2024-07-27 12:40:43 来文字消息了：1
2024-07-27 12:40:43 执行sql 
				INSERT INTO wechat_event (
					wechat_id,
					event_id,
					datetime,
					msgid,
					content
				)
				VALUES
					(
						'oTYqx6Q2Y-HHiph03Y-4cXinC3FI',
						'text',
						'2024-07-27 12:40:43',
						'24653906045378110',
						'1'
					)
		
2024-07-27 12:40:43 执行sql 
			SELECT
				power_user.id AS power_id,
				balance,
				kwh_sum,
				update_date,
				remark
			FROM
				power_user
			INNER JOIN mapping_wechat_power ON power_user.id = mapping_wechat_power.power_id
			INNER JOIN wechat_user ON wechat_user.id = mapping_wechat_power.wechat_id
			WHERE
				wechat_user.id = 'oTYqx6Q2Y-HHiph03Y-4cXinC3FI'
		
2024-07-27 12:40:43 向oTYqx6Q2Y-HHiph03Y-4cXinC3FI发送信息：
 您绑定的电费账户余额如下：
家里:
    余额：50.2225
    底度：2749.39
    更新日期：2024-07-27


----------------------
输入主菜单码或输入0返回主菜单
2024-07-27 12:40:43 执行sql 
			INSERT INTO wechat_send_history (
				wechat_id,
				type,
				datetime,
				content
			)
			VALUES
				(
					'oTYqx6Q2Y-HHiph03Y-4cXinC3FI',
					'end',
					'2024-07-27 12:40:43',
					'您绑定的电费账户余额如下：
家里:
    余额：50.2225
    底度：2749.39
    更新日期：2024-07-27


----------------------
输入主菜单码或输入0返回主菜单'
				)
			
2024-07-27 12:40:52 接收到POST请求
2024-07-27 12:40:52 http://weixin.xiayukun.asia:444/?signature=9473fffbd47175ed5c639f25bc07c583a5a04e8a&timestamp=1722055252&nonce=1412066134&openid=oTYqx6Q2Y-HHiph03Y-4cXinC3FI
2024-07-27 12:40:52 Query:{"signature":"9473fffbd47175ed5c639f25bc07c583a5a04e8a","timestamp":"1722055252","nonce":"1412066134","openid":"oTYqx6Q2Y-HHiph03Y-4cXinC3FI"}
2024-07-27 12:40:52 Body:{"xml":{"tousername":["gh_df4e42db796c"],"fromusername":["oTYqx6Q2Y-HHiph03Y-4cXinC3FI"],"createtime":["1722055251"],"msgtype":["text"],"content":["0"],"msgid":["24653905148031894"]}}
2024-07-27 12:40:52 来文字消息了：0
2024-07-27 12:40:52 执行sql 
				INSERT INTO wechat_event (
					wechat_id,
					event_id,
					datetime,
					msgid,
					content
				)
				VALUES
					(
						'oTYqx6Q2Y-HHiph03Y-4cXinC3FI',
						'text',
						'2024-07-27 12:40:52',
						'24653905148031894',
						'0'
					)
		
2024-07-27 12:40:52 向oTYqx6Q2Y-HHiph03Y-4cXinC3FI发送信息：
 请输入以下回复：
1:查询电费余额
2:查询每日账单
3:查询充值记录
4:快速充值(免密)
5:修改短信通知手机号
6:更多(短信、账户)
7:绑定电费账户
8:刷新余额和充值记录

2024-07-27 12:40:52 执行sql 
			INSERT INTO wechat_send_history (
				wechat_id,
				type,
				datetime,
				content
			)
			VALUES
				(
					'oTYqx6Q2Y-HHiph03Y-4cXinC3FI',
					'menu',
					'2024-07-27 12:40:52',
					'请输入以下回复：
1:查询电费余额
2:查询每日账单
3:查询充值记录
4:快速充值(免密)
5:修改短信通知手机号
6:更多(短信、账户)
7:绑定电费账户
8:刷新余额和充值记录
'
				)
			
{"level":"error","message":"Forever detected script was killed by signal: SIGKILL"}
